<?xml version="1.0" encoding="UTF-8"?>
<!-- Generated by org.testng.reporters.JUnitReportReporter -->
<testsuite hostname="lin80031457" failures="0" tests="1" name="testCases.TC_002_VerifyLogin" time="2.265" errors="0" timestamp="2024-01-17T09:31:38 IST" skipped="0">
  <testcase classname="testCases.TC_002_VerifyLogin" name="verify_login" time="2.265"/>
</testsuite> <!-- testCases.TC_002_VerifyLogin -->
