<?xml version="1.0" encoding="UTF-8"?>
<!-- Generated by org.testng.reporters.JUnitReportReporter -->
<testsuite hostname="lin80031457" failures="0" tests="1" name="testCases.TC001_AccountRegistrationTest" time="5.391" errors="0" timestamp="2024-01-12T10:12:51 IST" skipped="0">
  <testcase classname="testCases.TC001_AccountRegistrationTest" name="verify_AccountRegistration" time="5.391"/>
</testsuite> <!-- testCases.TC001_AccountRegistrationTest -->
