<?xml version="1.0" encoding="UTF-8"?>
<!-- Generated by org.testng.reporters.JUnitReportReporter -->
<testsuite hostname="lin80031457" failures="0" tests="1" name="testCases.TC005_Verify_message_cart_Empty" time="4.557" errors="0" timestamp="2024-01-25T06:18:28 IST" skipped="0">
  <testcase classname="testCases.TC005_Verify_message_cart_Empty" name="Verify_message_when_cart_empty" time="4.557"/>
</testsuite> <!-- testCases.TC005_Verify_message_cart_Empty -->
