<?xml version="1.0" encoding="UTF-8"?>
<!-- Generated by org.testng.reporters.JUnitReportReporter -->
<testsuite hostname="lin80031457" failures="0" tests="1" name="testCases.TC004_Verify_Search_Functionality" time="4.712" errors="0" timestamp="2024-01-24T06:40:55 IST" skipped="0">
  <testcase classname="testCases.TC004_Verify_Search_Functionality" name="verifysearchbyproduct" time="4.712"/>
</testsuite> <!-- testCases.TC004_Verify_Search_Functionality -->
