<?xml version="1.0" encoding="UTF-8"?>
<!-- Generated by org.testng.reporters.JUnitReportReporter -->
<testsuite hostname="lin80031457" failures="0" tests="5" name="testCases.TC003_VerifyLoginDDT" time="43.251" errors="0" timestamp="2024-01-08T05:56:34 IST" skipped="0">
  <testcase classname="testCases.TC003_VerifyLoginDDT" name="verifylogin" time="4.328"/>
  <testcase classname="testCases.TC003_VerifyLoginDDT" name="verifylogin" time="12.249"/>
  <testcase classname="testCases.TC003_VerifyLoginDDT" name="verifylogin" time="12.448"/>
  <testcase classname="testCases.TC003_VerifyLoginDDT" name="verifylogin" time="12.120"/>
  <testcase classname="testCases.TC003_VerifyLoginDDT" name="verifylogin" time="2.106"/>
</testsuite> <!-- testCases.TC003_VerifyLoginDDT -->
