<?xml version="1.0" encoding="UTF-8"?>
<!-- Generated by org.testng.reporters.JUnitReportReporter -->
<testsuite hostname="lin80031457" failures="0" tests="1" name="testCases.TC006_Verify_displayof_viewcartscreen" time="11.638" errors="0" timestamp="2024-01-25T12:57:36 IST" skipped="0">
  <testcase classname="testCases.TC006_Verify_displayof_viewcartscreen" name="Verifythecheckoutscreen" time="11.638"/>
</testsuite> <!-- testCases.TC006_Verify_displayof_viewcartscreen -->
